[2024-11-26T00:57:49.133+0000] {local_task_job_runner.py:123} INFO - ::group::Pre task execution logs
[2024-11-26T00:57:49.188+0000] {taskinstance.py:2613} INFO - Dependencies all met for dep_context=non-requeueable deps ti=<TaskInstance: tutorial.templated manual__2024-11-26T00:57:38.904413+00:00 [queued]>
[2024-11-26T00:57:49.216+0000] {taskinstance.py:2613} INFO - Dependencies all met for dep_context=requeueable deps ti=<TaskInstance: tutorial.templated manual__2024-11-26T00:57:38.904413+00:00 [queued]>
[2024-11-26T00:57:49.217+0000] {taskinstance.py:2866} INFO - Starting attempt 1 of 2
[2024-11-26T00:57:49.255+0000] {taskinstance.py:2889} INFO - Executing <Task(BashOperator): templated> on 2024-11-26 00:57:38.904413+00:00
[2024-11-26T00:57:49.268+0000] {warnings.py:112} WARNING - /opt/bitnami/airflow/venv/lib/python3.12/site-packages/airflow/task/task_runner/standard_task_runner.py:70: DeprecationWarning: This process (pid=138) is multi-threaded, use of fork() may lead to deadlocks in the child.
  pid = os.fork()

[2024-11-26T00:57:49.270+0000] {standard_task_runner.py:72} INFO - Started process 150 to run task
[2024-11-26T00:57:49.273+0000] {standard_task_runner.py:104} INFO - Running: ['airflow', 'tasks', 'run', 'tutorial', 'templated', 'manual__2024-11-26T00:57:38.904413+00:00', '--job-id', '15', '--raw', '--subdir', '/opt/bitnami/airflow/venv/lib/python3.12/site-packages/airflow/example_dags/tutorial.py', '--cfg-path', '/tmp/tmp6dlqshl5']
[2024-11-26T00:57:49.276+0000] {standard_task_runner.py:105} INFO - Job 15: Subtask templated
[2024-11-26T00:57:49.431+0000] {task_command.py:467} INFO - Running <TaskInstance: tutorial.templated manual__2024-11-26T00:57:38.904413+00:00 [running]> on host 68038108423d
[2024-11-26T00:57:49.760+0000] {taskinstance.py:3132} INFO - Exporting env vars: AIRFLOW_CTX_DAG_EMAIL='airflow@example.com' AIRFLOW_CTX_DAG_OWNER='airflow' AIRFLOW_CTX_DAG_ID='tutorial' AIRFLOW_CTX_TASK_ID='templated' AIRFLOW_CTX_EXECUTION_DATE='2024-11-26T00:57:38.904413+00:00' AIRFLOW_CTX_TRY_NUMBER='1' AIRFLOW_CTX_DAG_RUN_ID='manual__2024-11-26T00:57:38.904413+00:00'
[2024-11-26T00:57:49.763+0000] {logging_mixin.py:190} INFO - Task instance is in running state
[2024-11-26T00:57:49.763+0000] {logging_mixin.py:190} INFO -  Previous state of the Task instance: queued
[2024-11-26T00:57:49.764+0000] {logging_mixin.py:190} INFO - Current task name:templated state:running start_date:2024-11-26 00:57:49.189109+00:00
[2024-11-26T00:57:49.765+0000] {logging_mixin.py:190} INFO - Dag name:tutorial and current dag run status:running
[2024-11-26T00:57:49.765+0000] {taskinstance.py:731} INFO - ::endgroup::
[2024-11-26T00:57:49.767+0000] {subprocess.py:78} INFO - Tmp dir root location: /tmp
[2024-11-26T00:57:49.769+0000] {subprocess.py:88} INFO - Running command: ['/usr/bin/bash', '-c', '\n\n    echo "2024-11-26"\n    echo "2024-12-03"\n\n    echo "2024-11-26"\n    echo "2024-12-03"\n\n    echo "2024-11-26"\n    echo "2024-12-03"\n\n    echo "2024-11-26"\n    echo "2024-12-03"\n\n    echo "2024-11-26"\n    echo "2024-12-03"\n']
[2024-11-26T00:57:49.790+0000] {subprocess.py:99} INFO - Output:
[2024-11-26T00:57:49.792+0000] {subprocess.py:106} INFO - 2024-11-26
[2024-11-26T00:57:49.793+0000] {subprocess.py:106} INFO - 2024-12-03
[2024-11-26T00:57:49.793+0000] {subprocess.py:106} INFO - 2024-11-26
[2024-11-26T00:57:49.794+0000] {subprocess.py:106} INFO - 2024-12-03
[2024-11-26T00:57:49.794+0000] {subprocess.py:106} INFO - 2024-11-26
[2024-11-26T00:57:49.795+0000] {subprocess.py:106} INFO - 2024-12-03
[2024-11-26T00:57:49.795+0000] {subprocess.py:106} INFO - 2024-11-26
[2024-11-26T00:57:49.796+0000] {subprocess.py:106} INFO - 2024-12-03
[2024-11-26T00:57:49.796+0000] {subprocess.py:106} INFO - 2024-11-26
[2024-11-26T00:57:49.797+0000] {subprocess.py:106} INFO - 2024-12-03
[2024-11-26T00:57:49.798+0000] {subprocess.py:110} INFO - Command exited with return code 0
[2024-11-26T00:57:50.156+0000] {taskinstance.py:340} INFO - ::group::Post task execution logs
[2024-11-26T00:57:50.156+0000] {taskinstance.py:352} INFO - Marking task as SUCCESS. dag_id=tutorial, task_id=templated, run_id=manual__2024-11-26T00:57:38.904413+00:00, execution_date=20241126T005738, start_date=20241126T005749, end_date=20241126T005750
[2024-11-26T00:57:50.174+0000] {logging_mixin.py:190} INFO - Task instance in success state
[2024-11-26T00:57:50.175+0000] {logging_mixin.py:190} INFO -  Previous state of the Task instance: running
[2024-11-26T00:57:50.176+0000] {logging_mixin.py:190} INFO - Dag name:tutorial queued_at:2024-11-26 00:57:38.956096+00:00
[2024-11-26T00:57:50.176+0000] {logging_mixin.py:190} INFO - Task hostname:68038108423d operator:BashOperator
[2024-11-26T00:57:50.227+0000] {local_task_job_runner.py:266} INFO - Task exited with return code 0
[2024-11-26T00:57:50.259+0000] {taskinstance.py:3895} INFO - 0 downstream tasks scheduled from follow-on schedule check
[2024-11-26T00:57:50.263+0000] {local_task_job_runner.py:245} INFO - ::endgroup::
