[2024-11-26T00:57:48.897+0000] {local_task_job_runner.py:123} INFO - ::group::Pre task execution logs
[2024-11-26T00:57:48.948+0000] {taskinstance.py:2613} INFO - Dependencies all met for dep_context=non-requeueable deps ti=<TaskInstance: tutorial.templated scheduled__2024-11-25T00:00:00+00:00 [queued]>
[2024-11-26T00:57:48.968+0000] {taskinstance.py:2613} INFO - Dependencies all met for dep_context=requeueable deps ti=<TaskInstance: tutorial.templated scheduled__2024-11-25T00:00:00+00:00 [queued]>
[2024-11-26T00:57:48.969+0000] {taskinstance.py:2866} INFO - Starting attempt 1 of 2
[2024-11-26T00:57:49.002+0000] {taskinstance.py:2889} INFO - Executing <Task(BashOperator): templated> on 2024-11-25 00:00:00+00:00
[2024-11-26T00:57:49.018+0000] {warnings.py:112} WARNING - /opt/bitnami/airflow/venv/lib/python3.12/site-packages/airflow/task/task_runner/standard_task_runner.py:70: DeprecationWarning: This process (pid=137) is multi-threaded, use of fork() may lead to deadlocks in the child.
  pid = os.fork()

[2024-11-26T00:57:49.021+0000] {standard_task_runner.py:72} INFO - Started process 144 to run task
[2024-11-26T00:57:49.022+0000] {standard_task_runner.py:104} INFO - Running: ['airflow', 'tasks', 'run', 'tutorial', 'templated', 'scheduled__2024-11-25T00:00:00+00:00', '--job-id', '12', '--raw', '--subdir', '/opt/bitnami/airflow/venv/lib/python3.12/site-packages/airflow/example_dags/tutorial.py', '--cfg-path', '/tmp/tmp2k6xgb1p']
[2024-11-26T00:57:49.028+0000] {standard_task_runner.py:105} INFO - Job 12: Subtask templated
[2024-11-26T00:57:49.194+0000] {task_command.py:467} INFO - Running <TaskInstance: tutorial.templated scheduled__2024-11-25T00:00:00+00:00 [running]> on host 68038108423d
[2024-11-26T00:57:49.466+0000] {taskinstance.py:3132} INFO - Exporting env vars: AIRFLOW_CTX_DAG_EMAIL='airflow@example.com' AIRFLOW_CTX_DAG_OWNER='airflow' AIRFLOW_CTX_DAG_ID='tutorial' AIRFLOW_CTX_TASK_ID='templated' AIRFLOW_CTX_EXECUTION_DATE='2024-11-25T00:00:00+00:00' AIRFLOW_CTX_TRY_NUMBER='1' AIRFLOW_CTX_DAG_RUN_ID='scheduled__2024-11-25T00:00:00+00:00'
[2024-11-26T00:57:49.469+0000] {logging_mixin.py:190} INFO - Task instance is in running state
[2024-11-26T00:57:49.470+0000] {logging_mixin.py:190} INFO -  Previous state of the Task instance: queued
[2024-11-26T00:57:49.471+0000] {logging_mixin.py:190} INFO - Current task name:templated state:running start_date:2024-11-26 00:57:48.949312+00:00
[2024-11-26T00:57:49.472+0000] {logging_mixin.py:190} INFO - Dag name:tutorial and current dag run status:running
[2024-11-26T00:57:49.473+0000] {taskinstance.py:731} INFO - ::endgroup::
[2024-11-26T00:57:49.475+0000] {subprocess.py:78} INFO - Tmp dir root location: /tmp
[2024-11-26T00:57:49.480+0000] {subprocess.py:88} INFO - Running command: ['/usr/bin/bash', '-c', '\n\n    echo "2024-11-25"\n    echo "2024-12-02"\n\n    echo "2024-11-25"\n    echo "2024-12-02"\n\n    echo "2024-11-25"\n    echo "2024-12-02"\n\n    echo "2024-11-25"\n    echo "2024-12-02"\n\n    echo "2024-11-25"\n    echo "2024-12-02"\n']
[2024-11-26T00:57:49.538+0000] {subprocess.py:99} INFO - Output:
[2024-11-26T00:57:49.544+0000] {subprocess.py:106} INFO - 2024-11-25
[2024-11-26T00:57:49.545+0000] {subprocess.py:106} INFO - 2024-12-02
[2024-11-26T00:57:49.546+0000] {subprocess.py:106} INFO - 2024-11-25
[2024-11-26T00:57:49.546+0000] {subprocess.py:106} INFO - 2024-12-02
[2024-11-26T00:57:49.547+0000] {subprocess.py:106} INFO - 2024-11-25
[2024-11-26T00:57:49.547+0000] {subprocess.py:106} INFO - 2024-12-02
[2024-11-26T00:57:49.548+0000] {subprocess.py:106} INFO - 2024-11-25
[2024-11-26T00:57:49.548+0000] {subprocess.py:106} INFO - 2024-12-02
[2024-11-26T00:57:49.549+0000] {subprocess.py:106} INFO - 2024-11-25
[2024-11-26T00:57:49.550+0000] {subprocess.py:106} INFO - 2024-12-02
[2024-11-26T00:57:49.550+0000] {subprocess.py:110} INFO - Command exited with return code 0
[2024-11-26T00:57:49.664+0000] {taskinstance.py:340} INFO - ::group::Post task execution logs
[2024-11-26T00:57:49.665+0000] {taskinstance.py:352} INFO - Marking task as SUCCESS. dag_id=tutorial, task_id=templated, run_id=scheduled__2024-11-25T00:00:00+00:00, execution_date=20241125T000000, start_date=20241126T005748, end_date=20241126T005749
[2024-11-26T00:57:49.695+0000] {logging_mixin.py:190} INFO - Task instance in success state
[2024-11-26T00:57:49.696+0000] {logging_mixin.py:190} INFO -  Previous state of the Task instance: running
[2024-11-26T00:57:49.696+0000] {logging_mixin.py:190} INFO - Dag name:tutorial queued_at:2024-11-26 00:57:39.421822+00:00
[2024-11-26T00:57:49.697+0000] {logging_mixin.py:190} INFO - Task hostname:68038108423d operator:BashOperator
[2024-11-26T00:57:49.734+0000] {local_task_job_runner.py:266} INFO - Task exited with return code 0
[2024-11-26T00:57:49.779+0000] {taskinstance.py:3895} INFO - 0 downstream tasks scheduled from follow-on schedule check
[2024-11-26T00:57:49.782+0000] {local_task_job_runner.py:245} INFO - ::endgroup::
