[2024-11-26T00:57:44.320+0000] {local_task_job_runner.py:123} INFO - ::group::Pre task execution logs
[2024-11-26T00:57:44.364+0000] {taskinstance.py:2613} INFO - Dependencies all met for dep_context=non-requeueable deps ti=<TaskInstance: tutorial.print_date scheduled__2024-11-25T00:00:00+00:00 [queued]>
[2024-11-26T00:57:44.379+0000] {taskinstance.py:2613} INFO - Dependencies all met for dep_context=requeueable deps ti=<TaskInstance: tutorial.print_date scheduled__2024-11-25T00:00:00+00:00 [queued]>
[2024-11-26T00:57:44.380+0000] {taskinstance.py:2866} INFO - Starting attempt 1 of 2
[2024-11-26T00:57:44.414+0000] {taskinstance.py:2889} INFO - Executing <Task(BashOperator): print_date> on 2024-11-25 00:00:00+00:00
[2024-11-26T00:57:44.427+0000] {warnings.py:112} WARNING - /opt/bitnami/airflow/venv/lib/python3.12/site-packages/airflow/task/task_runner/standard_task_runner.py:70: DeprecationWarning: This process (pid=126) is multi-threaded, use of fork() may lead to deadlocks in the child.
  pid = os.fork()

[2024-11-26T00:57:44.429+0000] {standard_task_runner.py:72} INFO - Started process 130 to run task
[2024-11-26T00:57:44.430+0000] {standard_task_runner.py:104} INFO - Running: ['airflow', 'tasks', 'run', 'tutorial', 'print_date', 'scheduled__2024-11-25T00:00:00+00:00', '--job-id', '10', '--raw', '--subdir', '/opt/bitnami/airflow/venv/lib/python3.12/site-packages/airflow/example_dags/tutorial.py', '--cfg-path', '/tmp/tmp86i6gw9r']
[2024-11-26T00:57:44.432+0000] {standard_task_runner.py:105} INFO - Job 10: Subtask print_date
[2024-11-26T00:57:44.531+0000] {task_command.py:467} INFO - Running <TaskInstance: tutorial.print_date scheduled__2024-11-25T00:00:00+00:00 [running]> on host 68038108423d
[2024-11-26T00:57:44.699+0000] {taskinstance.py:3132} INFO - Exporting env vars: AIRFLOW_CTX_DAG_EMAIL='airflow@example.com' AIRFLOW_CTX_DAG_OWNER='airflow' AIRFLOW_CTX_DAG_ID='tutorial' AIRFLOW_CTX_TASK_ID='print_date' AIRFLOW_CTX_EXECUTION_DATE='2024-11-25T00:00:00+00:00' AIRFLOW_CTX_TRY_NUMBER='1' AIRFLOW_CTX_DAG_RUN_ID='scheduled__2024-11-25T00:00:00+00:00'
[2024-11-26T00:57:44.701+0000] {logging_mixin.py:190} INFO - Task instance is in running state
[2024-11-26T00:57:44.702+0000] {logging_mixin.py:190} INFO -  Previous state of the Task instance: queued
[2024-11-26T00:57:44.702+0000] {logging_mixin.py:190} INFO - Current task name:print_date state:running start_date:2024-11-26 00:57:44.365205+00:00
[2024-11-26T00:57:44.703+0000] {logging_mixin.py:190} INFO - Dag name:tutorial and current dag run status:running
[2024-11-26T00:57:44.703+0000] {taskinstance.py:731} INFO - ::endgroup::
[2024-11-26T00:57:44.705+0000] {subprocess.py:78} INFO - Tmp dir root location: /tmp
[2024-11-26T00:57:44.707+0000] {subprocess.py:88} INFO - Running command: ['/usr/bin/bash', '-c', 'date']
[2024-11-26T00:57:44.728+0000] {subprocess.py:99} INFO - Output:
[2024-11-26T00:57:44.732+0000] {subprocess.py:106} INFO - Tue Nov 26 12:57:44 AM UTC 2024
[2024-11-26T00:57:44.732+0000] {subprocess.py:110} INFO - Command exited with return code 0
[2024-11-26T00:57:44.789+0000] {taskinstance.py:340} INFO - ::group::Post task execution logs
[2024-11-26T00:57:44.790+0000] {taskinstance.py:352} INFO - Marking task as SUCCESS. dag_id=tutorial, task_id=print_date, run_id=scheduled__2024-11-25T00:00:00+00:00, execution_date=20241125T000000, start_date=20241126T005744, end_date=20241126T005744
[2024-11-26T00:57:44.812+0000] {logging_mixin.py:190} INFO - Task instance in success state
[2024-11-26T00:57:44.813+0000] {logging_mixin.py:190} INFO -  Previous state of the Task instance: running
[2024-11-26T00:57:44.813+0000] {logging_mixin.py:190} INFO - Dag name:tutorial queued_at:2024-11-26 00:57:39.421822+00:00
[2024-11-26T00:57:44.814+0000] {logging_mixin.py:190} INFO - Task hostname:68038108423d operator:BashOperator
[2024-11-26T00:57:44.848+0000] {local_task_job_runner.py:266} INFO - Task exited with return code 0
[2024-11-26T00:57:44.905+0000] {taskinstance.py:3895} INFO - 2 downstream tasks scheduled from follow-on schedule check
[2024-11-26T00:57:44.908+0000] {local_task_job_runner.py:245} INFO - ::endgroup::
