[2024-11-26T00:57:48.922+0000] {local_task_job_runner.py:123} INFO - ::group::Pre task execution logs
[2024-11-26T00:57:48.968+0000] {taskinstance.py:2613} INFO - Dependencies all met for dep_context=non-requeueable deps ti=<TaskInstance: tutorial.sleep scheduled__2024-11-25T00:00:00+00:00 [queued]>
[2024-11-26T00:57:48.994+0000] {taskinstance.py:2613} INFO - Dependencies all met for dep_context=requeueable deps ti=<TaskInstance: tutorial.sleep scheduled__2024-11-25T00:00:00+00:00 [queued]>
[2024-11-26T00:57:48.995+0000] {taskinstance.py:2866} INFO - Starting attempt 1 of 4
[2024-11-26T00:57:49.038+0000] {taskinstance.py:2889} INFO - Executing <Task(BashOperator): sleep> on 2024-11-25 00:00:00+00:00
[2024-11-26T00:57:49.053+0000] {warnings.py:112} WARNING - /opt/bitnami/airflow/venv/lib/python3.12/site-packages/airflow/task/task_runner/standard_task_runner.py:70: DeprecationWarning: This process (pid=136) is multi-threaded, use of fork() may lead to deadlocks in the child.
  pid = os.fork()

[2024-11-26T00:57:49.058+0000] {standard_task_runner.py:72} INFO - Started process 146 to run task
[2024-11-26T00:57:49.057+0000] {standard_task_runner.py:104} INFO - Running: ['airflow', 'tasks', 'run', 'tutorial', 'sleep', 'scheduled__2024-11-25T00:00:00+00:00', '--job-id', '13', '--raw', '--subdir', '/opt/bitnami/airflow/venv/lib/python3.12/site-packages/airflow/example_dags/tutorial.py', '--cfg-path', '/tmp/tmp0k7u6zno']
[2024-11-26T00:57:49.060+0000] {standard_task_runner.py:105} INFO - Job 13: Subtask sleep
[2024-11-26T00:57:49.230+0000] {task_command.py:467} INFO - Running <TaskInstance: tutorial.sleep scheduled__2024-11-25T00:00:00+00:00 [running]> on host 68038108423d
[2024-11-26T00:57:49.499+0000] {taskinstance.py:3132} INFO - Exporting env vars: AIRFLOW_CTX_DAG_EMAIL='airflow@example.com' AIRFLOW_CTX_DAG_OWNER='airflow' AIRFLOW_CTX_DAG_ID='tutorial' AIRFLOW_CTX_TASK_ID='sleep' AIRFLOW_CTX_EXECUTION_DATE='2024-11-25T00:00:00+00:00' AIRFLOW_CTX_TRY_NUMBER='1' AIRFLOW_CTX_DAG_RUN_ID='scheduled__2024-11-25T00:00:00+00:00'
[2024-11-26T00:57:49.501+0000] {logging_mixin.py:190} INFO - Task instance is in running state
[2024-11-26T00:57:49.505+0000] {logging_mixin.py:190} INFO -  Previous state of the Task instance: queued
[2024-11-26T00:57:49.507+0000] {logging_mixin.py:190} INFO - Current task name:sleep state:running start_date:2024-11-26 00:57:48.969379+00:00
[2024-11-26T00:57:49.508+0000] {logging_mixin.py:190} INFO - Dag name:tutorial and current dag run status:running
[2024-11-26T00:57:49.510+0000] {taskinstance.py:731} INFO - ::endgroup::
[2024-11-26T00:57:49.512+0000] {subprocess.py:78} INFO - Tmp dir root location: /tmp
[2024-11-26T00:57:49.514+0000] {subprocess.py:88} INFO - Running command: ['/usr/bin/bash', '-c', 'sleep 5']
[2024-11-26T00:57:49.553+0000] {subprocess.py:99} INFO - Output:
[2024-11-26T00:57:54.557+0000] {subprocess.py:110} INFO - Command exited with return code 0
[2024-11-26T00:57:54.602+0000] {taskinstance.py:340} INFO - ::group::Post task execution logs
[2024-11-26T00:57:54.603+0000] {taskinstance.py:352} INFO - Marking task as SUCCESS. dag_id=tutorial, task_id=sleep, run_id=scheduled__2024-11-25T00:00:00+00:00, execution_date=20241125T000000, start_date=20241126T005748, end_date=20241126T005754
[2024-11-26T00:57:54.619+0000] {logging_mixin.py:190} INFO - Task instance in success state
[2024-11-26T00:57:54.620+0000] {logging_mixin.py:190} INFO -  Previous state of the Task instance: running
[2024-11-26T00:57:54.620+0000] {logging_mixin.py:190} INFO - Dag name:tutorial queued_at:2024-11-26 00:57:39.421822+00:00
[2024-11-26T00:57:54.621+0000] {logging_mixin.py:190} INFO - Task hostname:68038108423d operator:BashOperator
[2024-11-26T00:57:54.646+0000] {local_task_job_runner.py:266} INFO - Task exited with return code 0
[2024-11-26T00:57:54.674+0000] {taskinstance.py:3895} INFO - 0 downstream tasks scheduled from follow-on schedule check
[2024-11-26T00:57:54.678+0000] {local_task_job_runner.py:245} INFO - ::endgroup::
