[2024-11-26T00:57:44.332+0000] {local_task_job_runner.py:123} INFO - ::group::Pre task execution logs
[2024-11-26T00:57:44.373+0000] {taskinstance.py:2613} INFO - Dependencies all met for dep_context=non-requeueable deps ti=<TaskInstance: tutorial.print_date manual__2024-11-26T00:57:38.904413+00:00 [queued]>
[2024-11-26T00:57:44.388+0000] {taskinstance.py:2613} INFO - Dependencies all met for dep_context=requeueable deps ti=<TaskInstance: tutorial.print_date manual__2024-11-26T00:57:38.904413+00:00 [queued]>
[2024-11-26T00:57:44.389+0000] {taskinstance.py:2866} INFO - Starting attempt 1 of 2
[2024-11-26T00:57:44.421+0000] {taskinstance.py:2889} INFO - Executing <Task(BashOperator): print_date> on 2024-11-26 00:57:38.904413+00:00
[2024-11-26T00:57:44.432+0000] {warnings.py:112} WARNING - /opt/bitnami/airflow/venv/lib/python3.12/site-packages/airflow/task/task_runner/standard_task_runner.py:70: DeprecationWarning: This process (pid=127) is multi-threaded, use of fork() may lead to deadlocks in the child.
  pid = os.fork()

[2024-11-26T00:57:44.434+0000] {standard_task_runner.py:72} INFO - Started process 131 to run task
[2024-11-26T00:57:44.437+0000] {standard_task_runner.py:104} INFO - Running: ['airflow', 'tasks', 'run', 'tutorial', 'print_date', 'manual__2024-11-26T00:57:38.904413+00:00', '--job-id', '11', '--raw', '--subdir', '/opt/bitnami/airflow/venv/lib/python3.12/site-packages/airflow/example_dags/tutorial.py', '--cfg-path', '/tmp/tmp8lw2ulay']
[2024-11-26T00:57:44.439+0000] {standard_task_runner.py:105} INFO - Job 11: Subtask print_date
[2024-11-26T00:57:44.538+0000] {task_command.py:467} INFO - Running <TaskInstance: tutorial.print_date manual__2024-11-26T00:57:38.904413+00:00 [running]> on host 68038108423d
[2024-11-26T00:57:44.700+0000] {taskinstance.py:3132} INFO - Exporting env vars: AIRFLOW_CTX_DAG_EMAIL='airflow@example.com' AIRFLOW_CTX_DAG_OWNER='airflow' AIRFLOW_CTX_DAG_ID='tutorial' AIRFLOW_CTX_TASK_ID='print_date' AIRFLOW_CTX_EXECUTION_DATE='2024-11-26T00:57:38.904413+00:00' AIRFLOW_CTX_TRY_NUMBER='1' AIRFLOW_CTX_DAG_RUN_ID='manual__2024-11-26T00:57:38.904413+00:00'
[2024-11-26T00:57:44.702+0000] {logging_mixin.py:190} INFO - Task instance is in running state
[2024-11-26T00:57:44.703+0000] {logging_mixin.py:190} INFO -  Previous state of the Task instance: queued
[2024-11-26T00:57:44.704+0000] {logging_mixin.py:190} INFO - Current task name:print_date state:running start_date:2024-11-26 00:57:44.373638+00:00
[2024-11-26T00:57:44.704+0000] {logging_mixin.py:190} INFO - Dag name:tutorial and current dag run status:running
[2024-11-26T00:57:44.705+0000] {taskinstance.py:731} INFO - ::endgroup::
[2024-11-26T00:57:44.706+0000] {subprocess.py:78} INFO - Tmp dir root location: /tmp
[2024-11-26T00:57:44.708+0000] {subprocess.py:88} INFO - Running command: ['/usr/bin/bash', '-c', 'date']
[2024-11-26T00:57:44.728+0000] {subprocess.py:99} INFO - Output:
[2024-11-26T00:57:44.732+0000] {subprocess.py:106} INFO - Tue Nov 26 12:57:44 AM UTC 2024
[2024-11-26T00:57:44.733+0000] {subprocess.py:110} INFO - Command exited with return code 0
[2024-11-26T00:57:44.789+0000] {taskinstance.py:340} INFO - ::group::Post task execution logs
[2024-11-26T00:57:44.790+0000] {taskinstance.py:352} INFO - Marking task as SUCCESS. dag_id=tutorial, task_id=print_date, run_id=manual__2024-11-26T00:57:38.904413+00:00, execution_date=20241126T005738, start_date=20241126T005744, end_date=20241126T005744
[2024-11-26T00:57:44.814+0000] {logging_mixin.py:190} INFO - Task instance in success state
[2024-11-26T00:57:44.815+0000] {logging_mixin.py:190} INFO -  Previous state of the Task instance: running
[2024-11-26T00:57:44.816+0000] {logging_mixin.py:190} INFO - Dag name:tutorial queued_at:2024-11-26 00:57:38.956096+00:00
[2024-11-26T00:57:44.816+0000] {logging_mixin.py:190} INFO - Task hostname:68038108423d operator:BashOperator
[2024-11-26T00:57:44.854+0000] {local_task_job_runner.py:266} INFO - Task exited with return code 0
[2024-11-26T00:57:44.906+0000] {taskinstance.py:3895} INFO - 2 downstream tasks scheduled from follow-on schedule check
[2024-11-26T00:57:44.909+0000] {local_task_job_runner.py:245} INFO - ::endgroup::
