[2024-11-26T00:57:49.021+0000] {local_task_job_runner.py:123} INFO - ::group::Pre task execution logs
[2024-11-26T00:57:49.074+0000] {taskinstance.py:2613} INFO - Dependencies all met for dep_context=non-requeueable deps ti=<TaskInstance: tutorial.sleep manual__2024-11-26T00:57:38.904413+00:00 [queued]>
[2024-11-26T00:57:49.095+0000] {taskinstance.py:2613} INFO - Dependencies all met for dep_context=requeueable deps ti=<TaskInstance: tutorial.sleep manual__2024-11-26T00:57:38.904413+00:00 [queued]>
[2024-11-26T00:57:49.096+0000] {taskinstance.py:2866} INFO - Starting attempt 1 of 4
[2024-11-26T00:57:49.140+0000] {taskinstance.py:2889} INFO - Executing <Task(BashOperator): sleep> on 2024-11-26 00:57:38.904413+00:00
[2024-11-26T00:57:49.156+0000] {warnings.py:112} WARNING - /opt/bitnami/airflow/venv/lib/python3.12/site-packages/airflow/task/task_runner/standard_task_runner.py:70: DeprecationWarning: This process (pid=139) is multi-threaded, use of fork() may lead to deadlocks in the child.
  pid = os.fork()

[2024-11-26T00:57:49.160+0000] {standard_task_runner.py:72} INFO - Started process 148 to run task
[2024-11-26T00:57:49.162+0000] {standard_task_runner.py:104} INFO - Running: ['airflow', 'tasks', 'run', 'tutorial', 'sleep', 'manual__2024-11-26T00:57:38.904413+00:00', '--job-id', '14', '--raw', '--subdir', '/opt/bitnami/airflow/venv/lib/python3.12/site-packages/airflow/example_dags/tutorial.py', '--cfg-path', '/tmp/tmpk4fw7yk3']
[2024-11-26T00:57:49.166+0000] {standard_task_runner.py:105} INFO - Job 14: Subtask sleep
[2024-11-26T00:57:49.307+0000] {task_command.py:467} INFO - Running <TaskInstance: tutorial.sleep manual__2024-11-26T00:57:38.904413+00:00 [running]> on host 68038108423d
[2024-11-26T00:57:49.651+0000] {taskinstance.py:3132} INFO - Exporting env vars: AIRFLOW_CTX_DAG_EMAIL='airflow@example.com' AIRFLOW_CTX_DAG_OWNER='airflow' AIRFLOW_CTX_DAG_ID='tutorial' AIRFLOW_CTX_TASK_ID='sleep' AIRFLOW_CTX_EXECUTION_DATE='2024-11-26T00:57:38.904413+00:00' AIRFLOW_CTX_TRY_NUMBER='1' AIRFLOW_CTX_DAG_RUN_ID='manual__2024-11-26T00:57:38.904413+00:00'
[2024-11-26T00:57:49.654+0000] {logging_mixin.py:190} INFO - Task instance is in running state
[2024-11-26T00:57:49.655+0000] {logging_mixin.py:190} INFO -  Previous state of the Task instance: queued
[2024-11-26T00:57:49.656+0000] {logging_mixin.py:190} INFO - Current task name:sleep state:running start_date:2024-11-26 00:57:49.075181+00:00
[2024-11-26T00:57:49.656+0000] {logging_mixin.py:190} INFO - Dag name:tutorial and current dag run status:running
[2024-11-26T00:57:49.657+0000] {taskinstance.py:731} INFO - ::endgroup::
[2024-11-26T00:57:49.661+0000] {subprocess.py:78} INFO - Tmp dir root location: /tmp
[2024-11-26T00:57:49.664+0000] {subprocess.py:88} INFO - Running command: ['/usr/bin/bash', '-c', 'sleep 5']
[2024-11-26T00:57:49.692+0000] {subprocess.py:99} INFO - Output:
[2024-11-26T00:57:54.696+0000] {subprocess.py:110} INFO - Command exited with return code 0
[2024-11-26T00:57:54.763+0000] {taskinstance.py:340} INFO - ::group::Post task execution logs
[2024-11-26T00:57:54.764+0000] {taskinstance.py:352} INFO - Marking task as SUCCESS. dag_id=tutorial, task_id=sleep, run_id=manual__2024-11-26T00:57:38.904413+00:00, execution_date=20241126T005738, start_date=20241126T005749, end_date=20241126T005754
[2024-11-26T00:57:54.792+0000] {logging_mixin.py:190} INFO - Task instance in success state
[2024-11-26T00:57:54.793+0000] {logging_mixin.py:190} INFO -  Previous state of the Task instance: running
[2024-11-26T00:57:54.794+0000] {logging_mixin.py:190} INFO - Dag name:tutorial queued_at:2024-11-26 00:57:38.956096+00:00
[2024-11-26T00:57:54.794+0000] {logging_mixin.py:190} INFO - Task hostname:68038108423d operator:BashOperator
[2024-11-26T00:57:54.825+0000] {local_task_job_runner.py:266} INFO - Task exited with return code 0
[2024-11-26T00:57:54.856+0000] {taskinstance.py:3895} INFO - 0 downstream tasks scheduled from follow-on schedule check
[2024-11-26T00:57:54.860+0000] {local_task_job_runner.py:245} INFO - ::endgroup::
